<?xml version="1.0" encoding="UTF-8"?>
<testng-results ignored="0" total="2" passed="2" failed="0" skipped="0">
  <reporter-output>
  </reporter-output>
  <suite started-at="2022-05-17T09:53:53Z" name="Default suite" finished-at="2022-05-17T09:53:54Z" duration-ms="486">
    <groups>
    </groups>
    <test started-at="2022-05-17T09:53:53Z" name="Default test" finished-at="2022-05-17T09:53:54Z" duration-ms="486">
      <class name="com.softserve.edu.AppTest">
        <test-method signature="checkApp()[pri:0, instance:com.softserve.edu.AppTest@4b9df8a]" started-at="2022-05-17T09:53:53Z" name="checkApp" finished-at="2022-05-17T09:53:53Z" duration-ms="184" status="PASS">
          <reporter-output>
          </reporter-output>
        </test-method> <!-- checkApp -->
        <test-method signature="testApp()[pri:0, instance:com.softserve.edu.AppTest@4b9df8a]" started-at="2022-05-17T09:53:54Z" name="testApp" finished-at="2022-05-17T09:53:54Z" duration-ms="10" status="PASS">
          <reporter-output>
          </reporter-output>
        </test-method> <!-- testApp -->
      </class> <!-- com.softserve.edu.AppTest -->
    </test> <!-- Default test -->
  </suite> <!-- Default suite -->
</testng-results>
